Started GET "/" for ::1 at 2019-07-23 10:16:02 +0700
  [1m[35m (2.4ms)[0m  [1m[34mSELECT "schema_migrations"."version" FROM "schema_migrations" ORDER BY "schema_migrations"."version" ASC[0m
  ↳ /home/dangnghia/.rvm/gems/ruby-2.5.5/gems/web-console-3.7.0/lib/web_console/middleware.rb:135
Processing by TopController#index as HTML
  [1m[36mBlog Load (0.6ms)[0m  [1m[34mSELECT  "blogs".* FROM "blogs" ORDER BY "blogs"."impressions_count" DESC LIMIT $1[0m  [["LIMIT", 3]]
  ↳ app/models/blog.rb:13
  Rendering top/index.html.erb within layouts/application
  [1m[36mBlogDetail Load (0.7ms)[0m  [1m[34mSELECT  "blog_details".* FROM "blog_details" WHERE "blog_details"."blog_id" = $1 LIMIT $2[0m  [["blog_id", 7], ["LIMIT", 1]]
  ↳ app/views/top/index.html.erb:522
  [1m[36mHashtag Load (1.0ms)[0m  [1m[34mSELECT "hashtags".* FROM "hashtags" INNER JOIN "blog_hashtags" ON "hashtags"."id" = "blog_hashtags"."hashtag_id" WHERE "blog_hashtags"."blog_id" = $1[0m  [["blog_id", 7]]
  ↳ app/views/top/index.html.erb:528
  [1m[36mBlogDetail Load (0.5ms)[0m  [1m[34mSELECT  "blog_details".* FROM "blog_details" WHERE "blog_details"."blog_id" = $1 LIMIT $2[0m  [["blog_id", 6], ["LIMIT", 1]]
  ↳ app/views/top/index.html.erb:522
  [1m[36mHashtag Load (0.6ms)[0m  [1m[34mSELECT "hashtags".* FROM "hashtags" INNER JOIN "blog_hashtags" ON "hashtags"."id" = "blog_hashtags"."hashtag_id" WHERE "blog_hashtags"."blog_id" = $1[0m  [["blog_id", 6]]
  ↳ app/views/top/index.html.erb:528
  [1m[36mBlogDetail Load (0.6ms)[0m  [1m[34mSELECT  "blog_details".* FROM "blog_details" WHERE "blog_details"."blog_id" = $1 LIMIT $2[0m  [["blog_id", 5], ["LIMIT", 1]]
  ↳ app/views/top/index.html.erb:522
  [1m[36mHashtag Load (1.0ms)[0m  [1m[34mSELECT "hashtags".* FROM "hashtags" INNER JOIN "blog_hashtags" ON "hashtags"."id" = "blog_hashtags"."hashtag_id" WHERE "blog_hashtags"."blog_id" = $1[0m  [["blog_id", 5]]
  ↳ app/views/top/index.html.erb:528
  Rendered top/index.html.erb within layouts/application (2280.3ms)
  Rendered layouts/_form_date_and_header_info_button.html.erb (2.2ms)
  Rendered layouts/_header.html.erb (14.2ms)
  Rendered layouts/_sns_sidebar.html.erb (15.0ms)
  Rendered layouts/_footer.html.erb (7.2ms)
Completed 200 OK in 2706ms (Views: 2636.6ms | ActiveRecord: 30.0ms)


Started GET "/experience" for ::1 at 2019-07-23 10:16:14 +0700
Processing by ExperienceController#index as HTML
  Rendering experience/index.html.erb within layouts/application
  Rendered experience/index.html.erb within layouts/application (30.2ms)
  Rendered layouts/_form_date_and_header_info_button.html.erb (2.2ms)
  Rendered layouts/_header.html.erb (9.8ms)
  Rendered layouts/_sns_sidebar.html.erb (27.7ms)
  Rendered layouts/_footer.html.erb (7.7ms)
Completed 200 OK in 308ms (Views: 305.4ms | ActiveRecord: 0.0ms)


Started GET "/experience/1" for ::1 at 2019-07-23 10:16:17 +0700
Processing by ExperienceController#show as HTML
  Parameters: {"id"=>"1"}
  Rendering experience/show.html.erb within layouts/application
  Rendered experience/commons/_recommended_experience_in_place.html.erb (2.9ms)
  Rendered experience/show.html.erb within layouts/application (93.4ms)
  Rendered layouts/_form_date_and_header_info_button.html.erb (2.4ms)
  Rendered layouts/_header.html.erb (11.6ms)
  Rendered layouts/_sns_sidebar.html.erb (37.1ms)
  Rendered layouts/_footer.html.erb (5.3ms)
Completed 200 OK in 395ms (Views: 392.7ms | ActiveRecord: 0.0ms)


Started GET "/experience/1" for ::1 at 2019-07-23 10:19:26 +0700
Processing by ExperienceController#show as HTML
  Parameters: {"id"=>"1"}
  Rendering experience/show.html.erb within layouts/application
  Rendered experience/commons/_recommended_experience_in_place.html.erb (2.1ms)
  Rendered experience/show.html.erb within layouts/application (31.0ms)
  Rendered layouts/_form_date_and_header_info_button.html.erb (2.5ms)
  Rendered layouts/_header.html.erb (10.3ms)
  Rendered layouts/_sns_sidebar.html.erb (33.7ms)
  Rendered layouts/_footer.html.erb (6.6ms)
Completed 200 OK in 571ms (Views: 568.7ms | ActiveRecord: 0.0ms)


